#! /c/Source/iverilog-install/bin/vvp
:ivl_version "12.0 (devel)" "(s20150603-1539-g2693dd32b)";
:ivl_delay_selection "TYPICAL";
:vpi_time_precision - 12;
:vpi_module "C:\iverilog\lib\ivl\system.vpi";
:vpi_module "C:\iverilog\lib\ivl\vhdl_sys.vpi";
:vpi_module "C:\iverilog\lib\ivl\vhdl_textio.vpi";
:vpi_module "C:\iverilog\lib\ivl\v2005_math.vpi";
:vpi_module "C:\iverilog\lib\ivl\va_math.vpi";
S_00000237843ab180 .scope module, "sample_tb" "sample_tb" 2 9;
 .timescale -9 -12;
v0000023784460f30_0 .net "bin", 0 0, v0000023784460a30_0;  1 drivers
v00000237844607b0_0 .var "clk", 0 0;
v0000023784460850_0 .var/i "i", 31 0;
v0000023784460170_0 .var "pix_data", 7 0;
v0000023784461570_0 .var "reset", 0 0;
v0000023784461070 .array "test_patterns", 4095 0, 7 0;
v00000237844617f0_0 .net "threshold", 7 0, v0000023784460030_0;  1 drivers
v00000237844619d0_0 .var "type", 0 0;
S_00000237843fdfd0 .scope module, "uut" "ATE" 2 37, 3 1 0, S_00000237843ab180;
 .timescale 0 0;
    .port_info 0 /INPUT 1 "clk";
    .port_info 1 /INPUT 1 "reset";
    .port_info 2 /INPUT 8 "pix_data";
    .port_info 3 /INPUT 1 "type";
    .port_info 4 /OUTPUT 1 "bin";
    .port_info 5 /OUTPUT 8 "threshold";
L_00000237844021d0 .functor AND 1, v0000023784460490_0, v00000237844605d0_0, C4<1>, C4<1>;
L_0000023784402240 .functor OR 1, L_0000023784461bb0, L_0000023784461250, C4<0>, C4<0>;
v000002378445c640_0 .var "Counter", 5 0;
v000002378445c6e0_0 .net "Max", 7 0, v00000237843f2ee0_0;  1 drivers
v000002378445b560_0 .net "Min", 7 0, v00000237843f3520_0;  1 drivers
v000002378445ca00_0 .net "Thres", 7 0, v000002378445c000_0;  1 drivers
v000002378445b880_0 .net "_Counter", 5 0, L_0000023784460fd0;  1 drivers
v000002378445ab60_0 .net "_bin", 0 0, L_0000023784465090;  1 drivers
v0000023784461390_0 .net "_col", 6 0, L_0000023784461b10;  1 drivers
L_00000237847b0088 .functor BUFT 1, C4<000001>, C4<0>, C4<0>, C4<0>;
v0000023784460df0_0 .net/2u *"_ivl_0", 5 0, L_00000237847b0088;  1 drivers
L_00000237847b0118 .functor BUFT 1, C4<1000001>, C4<0>, C4<0>, C4<0>;
v0000023784460c10_0 .net/2u *"_ivl_10", 6 0, L_00000237847b0118;  1 drivers
L_00000237847b0160 .functor BUFT 1, C4<0000101>, C4<0>, C4<0>, C4<0>;
v0000023784461e30_0 .net/2u *"_ivl_12", 6 0, L_00000237847b0160;  1 drivers
v0000023784460350_0 .net *"_ivl_17", 0 0, L_00000237844021d0;  1 drivers
v0000023784460210_0 .net *"_ivl_18", 0 0, L_0000023784461610;  1 drivers
L_00000237847b01a8 .functor BUFT 1, C4<0000000>, C4<0>, C4<0>, C4<0>;
v0000023784461430_0 .net/2u *"_ivl_20", 6 0, L_00000237847b01a8;  1 drivers
L_00000237847b01f0 .functor BUFT 1, C4<0000001>, C4<0>, C4<0>, C4<0>;
v0000023784461cf0_0 .net/2u *"_ivl_22", 6 0, L_00000237847b01f0;  1 drivers
v00000237844608f0_0 .net *"_ivl_24", 6 0, L_0000023784461110;  1 drivers
v00000237844600d0_0 .net *"_ivl_26", 6 0, L_00000237844611b0;  1 drivers
v0000023784460670_0 .net *"_ivl_30", 0 0, L_0000023784461bb0;  1 drivers
v00000237844602b0_0 .net *"_ivl_33", 0 0, L_0000023784461250;  1 drivers
L_00000237847b0238 .functor BUFT 1, C4<0>, C4<0>, C4<0>, C4<0>;
v0000023784460ad0_0 .net/2u *"_ivl_36", 0 0, L_00000237847b0238;  1 drivers
v0000023784461750_0 .net *"_ivl_38", 0 0, L_0000023784461c50;  1 drivers
L_00000237847b0280 .functor BUFT 1, C4<00000000>, C4<0>, C4<0>, C4<0>;
v00000237844603f0_0 .net/2u *"_ivl_42", 7 0, L_00000237847b0280;  1 drivers
L_00000237847b00d0 .functor BUFT 1, C4<1>, C4<0>, C4<0>, C4<0>;
v0000023784460b70_0 .net/2u *"_ivl_6", 0 0, L_00000237847b00d0;  1 drivers
v0000023784460990_0 .net "_state", 0 0, L_0000023784460d50;  1 drivers
v0000023784461d90_0 .net "_threshold", 7 0, L_00000237844656d0;  1 drivers
v0000023784460a30_0 .var "bin", 0 0;
v0000023784461890_0 .net "c_bound", 6 0, L_0000023784460e90;  1 drivers
v00000237844612f0_0 .net "clk", 0 0, v00000237844607b0_0;  1 drivers
v000002378445ff90_0 .net "cnt63", 0 0, L_0000023784460cb0;  1 drivers
v00000237844616b0_0 .var "col", 6 0;
v0000023784460490_0 .var "en", 0 0;
v0000023784460530_0 .net "pix_data", 7 0, v0000023784460170_0;  1 drivers
v0000023784460710_0 .net "pix_out", 7 0, v00000237843f3020_0;  1 drivers
v0000023784461930_0 .net "reset", 0 0, v0000023784461570_0;  1 drivers
v00000237844605d0_0 .var "state", 0 0;
v0000023784460030_0 .var "threshold", 7 0;
v00000237844614d0_0 .net "type", 0 0, v00000237844619d0_0;  1 drivers
v0000023784461a70_0 .net "z", 0 0, L_0000023784402240;  1 drivers
L_0000023784460fd0 .arith/sum 6, v000002378445c640_0, L_00000237847b0088;
L_0000023784460cb0 .reduce/and v000002378445c640_0;
L_0000023784460d50 .functor MUXZ 1, v00000237844605d0_0, L_00000237847b00d0, v0000023784460490_0, C4<>;
L_0000023784460e90 .functor MUXZ 7, L_00000237847b0160, L_00000237847b0118, v00000237844619d0_0, C4<>;
L_0000023784461610 .cmp/eq 7, v00000237844616b0_0, L_0000023784460e90;
L_0000023784461110 .arith/sum 7, v00000237844616b0_0, L_00000237847b01f0;
L_00000237844611b0 .functor MUXZ 7, L_0000023784461110, L_00000237847b01a8, L_0000023784461610, C4<>;
L_0000023784461b10 .functor MUXZ 7, v00000237844616b0_0, L_00000237844611b0, L_00000237844021d0, C4<>;
L_0000023784461bb0 .cmp/eq 7, v00000237844616b0_0, L_0000023784460e90;
L_0000023784461250 .reduce/nor v00000237844616b0_0;
L_0000023784461c50 .cmp/ge 8, v00000237843f3020_0, v000002378445c000_0;
L_0000023784465090 .functor MUXZ 1, L_0000023784461c50, L_00000237847b0238, L_0000023784402240, C4<>;
L_00000237844656d0 .functor MUXZ 8, v000002378445c000_0, L_00000237847b0280, L_0000023784402240, C4<>;
S_00000237843fe160 .scope module, "F1" "FIFO_64" 3 59, 3 102 0, S_00000237843fdfd0;
 .timescale 0 0;
    .port_info 0 /INPUT 8 "pix_data";
    .port_info 1 /INPUT 1 "clk";
    .port_info 2 /INPUT 6 "Addr";
    .port_info 3 /OUTPUT 8 "pix_out";
P_00000237843ab310 .param/l "data_width" 0 3 104, +C4<00000000000000000000000000000111>;
P_00000237843ab348 .param/l "fifo_depth" 0 3 105, +C4<00000000000000000000000000111111>;
v00000237843f0ed0_0 .net "Addr", 5 0, v000002378445c640_0;  1 drivers
v00000237843f0f70_0 .net "clk", 0 0, v00000237844607b0_0;  alias, 1 drivers
v00000237843f29e0 .array "fifo", 0 63, 7 0;
v00000237843f3c00_0 .net "pix_data", 7 0, v0000023784460170_0;  alias, 1 drivers
v00000237843f3020_0 .var "pix_out", 7 0;
E_00000237843ebe60 .event posedge, v00000237843f0f70_0;
S_00000237843c5a60 .scope module, "mm0" "MAX_MIN" 3 60, 3 65 0, S_00000237843fdfd0;
 .timescale 0 0;
    .port_info 0 /INPUT 8 "pix_data";
    .port_info 1 /INPUT 1 "clk";
    .port_info 2 /INPUT 1 "reset";
    .port_info 3 /INPUT 6 "cnt";
    .port_info 4 /OUTPUT 8 "Max";
    .port_info 5 /OUTPUT 8 "Min";
v00000237843f2ee0_0 .var "Max", 7 0;
v00000237843f3520_0 .var "Min", 7 0;
v0000023784455d40_0 .net "clk", 0 0, v00000237844607b0_0;  alias, 1 drivers
v0000023784455fc0_0 .net "cnt", 5 0, v000002378445c640_0;  alias, 1 drivers
v00000237844564c0_0 .net "pix_data", 7 0, v0000023784460170_0;  alias, 1 drivers
v0000023784455020_0 .net "reset", 0 0, v0000023784461570_0;  alias, 1 drivers
E_00000237843ec2e0 .event posedge, v0000023784455020_0, v00000237843f0f70_0;
S_00000237843c5bf0 .scope module, "th0" "THRES_GEN" 3 61, 3 123 0, S_00000237843fdfd0;
 .timescale 0 0;
    .port_info 0 /INPUT 8 "Max";
    .port_info 1 /INPUT 8 "Min";
    .port_info 2 /INPUT 1 "clk";
    .port_info 3 /INPUT 1 "reset";
    .port_info 4 /INPUT 1 "en";
    .port_info 5 /OUTPUT 8 "Thres";
L_0000023784401d70 .functor XOR 1, L_0000023784465950, L_00000237844659f0, C4<0>, C4<0>;
v000002378445c500_0 .net "C_out", 0 0, L_0000023784466e30;  1 drivers
v000002378445b2e0_0 .net "Cin", 0 0, L_0000023784401d70;  1 drivers
v000002378445bc40_0 .net "Cm", 6 0, L_00000237844647d0;  1 drivers
v000002378445c5a0_0 .net "Max", 7 0, v00000237843f2ee0_0;  alias, 1 drivers
v000002378445b740_0 .net "Min", 7 0, v00000237843f3520_0;  alias, 1 drivers
v000002378445c000_0 .var "Thres", 7 0;
v000002378445b380_0 .net *"_ivl_1", 0 0, L_0000023784465950;  1 drivers
v000002378445c8c0_0 .net *"_ivl_3", 0 0, L_00000237844659f0;  1 drivers
v000002378445b420_0 .net "clk", 0 0, v00000237844607b0_0;  alias, 1 drivers
v000002378445bf60_0 .net "en", 0 0, v0000023784460490_0;  1 drivers
v000002378445b4c0_0 .net "reset", 0 0, v0000023784461570_0;  alias, 1 drivers
v000002378445aca0_0 .net "sum", 7 0, L_0000023784464c30;  1 drivers
L_0000023784465950 .part v00000237843f2ee0_0, 0, 1;
L_00000237844659f0 .part v00000237843f3520_0, 0, 1;
L_0000023784464190 .part v00000237843f2ee0_0, 0, 1;
L_0000023784464910 .part v00000237843f3520_0, 0, 1;
L_00000237844653b0 .part v00000237843f2ee0_0, 1, 1;
L_0000023784464550 .part v00000237843f3520_0, 1, 1;
L_00000237844658b0 .part L_00000237844647d0, 0, 1;
L_0000023784464730 .part v00000237843f2ee0_0, 2, 1;
L_0000023784465450 .part v00000237843f3520_0, 2, 1;
L_0000023784464b90 .part L_00000237844647d0, 1, 1;
L_00000237844654f0 .part v00000237843f2ee0_0, 3, 1;
L_0000023784465d10 .part v00000237843f3520_0, 3, 1;
L_00000237844649b0 .part L_00000237844647d0, 2, 1;
L_0000023784465a90 .part v00000237843f2ee0_0, 4, 1;
L_0000023784465b30 .part v00000237843f3520_0, 4, 1;
L_0000023784464870 .part L_00000237844647d0, 3, 1;
L_0000023784464690 .part v00000237843f2ee0_0, 5, 1;
L_00000237844645f0 .part v00000237843f3520_0, 5, 1;
L_0000023784464d70 .part L_00000237844647d0, 4, 1;
L_0000023784464eb0 .part v00000237843f2ee0_0, 6, 1;
L_0000023784465590 .part v00000237843f3520_0, 6, 1;
L_0000023784464230 .part L_00000237844647d0, 5, 1;
LS_00000237844647d0_0_0 .concat8 [ 1 1 1 1], L_0000023784402320, L_00000237844020f0, L_00000237844026a0, L_0000023784401c90;
LS_00000237844647d0_0_4 .concat8 [ 1 1 1 0], L_00000237843f5100, L_0000023784466d50, L_0000023784466500;
L_00000237844647d0 .concat8 [ 4 3 0 0], LS_00000237844647d0_0_0, LS_00000237844647d0_0_4;
L_0000023784464a50 .part v00000237843f2ee0_0, 7, 1;
L_0000023784464e10 .part v00000237843f3520_0, 7, 1;
L_0000023784464af0 .part L_00000237844647d0, 6, 1;
LS_0000023784464c30_0_0 .concat8 [ 1 1 1 1], L_0000023784401c20, L_0000023784402550, L_0000023784402630, L_0000023784401a60;
LS_0000023784464c30_0_4 .concat8 [ 1 1 1 1], L_0000023784401de0, L_0000023784402780, L_0000023784465fc0, L_0000023784466dc0;
L_0000023784464c30 .concat8 [ 4 4 0 0], LS_0000023784464c30_0_0, LS_0000023784464c30_0_4;
S_00000237843bdbb0 .scope module, "f0" "FA" 3 135, 3 152 0, S_00000237843c5bf0;
 .timescale 0 0;
    .port_info 0 /INPUT 1 "a";
    .port_info 1 /INPUT 1 "b";
    .port_info 2 /INPUT 1 "cin";
    .port_info 3 /OUTPUT 1 "s";
    .port_info 4 /OUTPUT 1 "cout";
L_0000023784402320 .functor OR 1, L_0000023784401980, L_0000023784401d00, C4<0>, C4<0>;
v0000023784455c00_0 .net "a", 0 0, L_0000023784464190;  1 drivers
v00000237844558e0_0 .net "b", 0 0, L_0000023784464910;  1 drivers
v00000237844562e0_0 .net "c0", 0 0, L_0000023784401980;  1 drivers
v0000023784455660_0 .net "c1", 0 0, L_0000023784401d00;  1 drivers
v0000023784455980_0 .net "cin", 0 0, L_0000023784401d70;  alias, 1 drivers
v0000023784456380_0 .net "cout", 0 0, L_0000023784402320;  1 drivers
v0000023784455a20_0 .net "s", 0 0, L_0000023784401c20;  1 drivers
v0000023784455160_0 .net "s0", 0 0, L_0000023784401f30;  1 drivers
S_00000237843bdd40 .scope module, "u0" "HA" 3 156, 3 161 0, S_00000237843bdbb0;
 .timescale 0 0;
    .port_info 0 /INPUT 1 "a";
    .port_info 1 /INPUT 1 "b";
    .port_info 2 /OUTPUT 1 "s";
    .port_info 3 /OUTPUT 1 "cout";
L_0000023784401980 .functor AND 1, L_0000023784464190, L_0000023784464910, C4<1>, C4<1>;
L_0000023784401f30 .functor XOR 1, L_0000023784464190, L_0000023784464910, C4<0>, C4<0>;
v0000023784454da0_0 .net "a", 0 0, L_0000023784464190;  alias, 1 drivers
v0000023784456420_0 .net "b", 0 0, L_0000023784464910;  alias, 1 drivers
v0000023784455e80_0 .net "cout", 0 0, L_0000023784401980;  alias, 1 drivers
v0000023784455200_0 .net "s", 0 0, L_0000023784401f30;  alias, 1 drivers
S_00000237843cdf30 .scope module, "u1" "HA" 3 157, 3 161 0, S_00000237843bdbb0;
 .timescale 0 0;
    .port_info 0 /INPUT 1 "a";
    .port_info 1 /INPUT 1 "b";
    .port_info 2 /OUTPUT 1 "s";
    .port_info 3 /OUTPUT 1 "cout";
L_0000023784401d00 .functor AND 1, L_0000023784401f30, L_0000023784401d70, C4<1>, C4<1>;
L_0000023784401c20 .functor XOR 1, L_0000023784401f30, L_0000023784401d70, C4<0>, C4<0>;
v0000023784455ca0_0 .net "a", 0 0, L_0000023784401f30;  alias, 1 drivers
v00000237844567e0_0 .net "b", 0 0, L_0000023784401d70;  alias, 1 drivers
v0000023784455de0_0 .net "cout", 0 0, L_0000023784401d00;  alias, 1 drivers
v0000023784455480_0 .net "s", 0 0, L_0000023784401c20;  alias, 1 drivers
S_00000237843ce0c0 .scope module, "f1" "FA" 3 136, 3 152 0, S_00000237843c5bf0;
 .timescale 0 0;
    .port_info 0 /INPUT 1 "a";
    .port_info 1 /INPUT 1 "b";
    .port_info 2 /INPUT 1 "cin";
    .port_info 3 /OUTPUT 1 "s";
    .port_info 4 /OUTPUT 1 "cout";
L_00000237844020f0 .functor OR 1, L_00000237844019f0, L_0000023784402080, C4<0>, C4<0>;
v0000023784456920_0 .net "a", 0 0, L_00000237844653b0;  1 drivers
v0000023784455b60_0 .net "b", 0 0, L_0000023784464550;  1 drivers
v00000237844561a0_0 .net "c0", 0 0, L_00000237844019f0;  1 drivers
v0000023784454e40_0 .net "c1", 0 0, L_0000023784402080;  1 drivers
v0000023784455f20_0 .net "cin", 0 0, L_00000237844658b0;  1 drivers
v00000237844552a0_0 .net "cout", 0 0, L_00000237844020f0;  1 drivers
v0000023784456100_0 .net "s", 0 0, L_0000023784402550;  1 drivers
v0000023784456240_0 .net "s0", 0 0, L_0000023784402010;  1 drivers
S_00000237843c2a70 .scope module, "u0" "HA" 3 156, 3 161 0, S_00000237843ce0c0;
 .timescale 0 0;
    .port_info 0 /INPUT 1 "a";
    .port_info 1 /INPUT 1 "b";
    .port_info 2 /OUTPUT 1 "s";
    .port_info 3 /OUTPUT 1 "cout";
L_00000237844019f0 .functor AND 1, L_00000237844653b0, L_0000023784464550, C4<1>, C4<1>;
L_0000023784402010 .functor XOR 1, L_00000237844653b0, L_0000023784464550, C4<0>, C4<0>;
v0000023784455ac0_0 .net "a", 0 0, L_00000237844653b0;  alias, 1 drivers
v0000023784456060_0 .net "b", 0 0, L_0000023784464550;  alias, 1 drivers
v00000237844566a0_0 .net "cout", 0 0, L_00000237844019f0;  alias, 1 drivers
v0000023784456560_0 .net "s", 0 0, L_0000023784402010;  alias, 1 drivers
S_00000237843c2c00 .scope module, "u1" "HA" 3 157, 3 161 0, S_00000237843ce0c0;
 .timescale 0 0;
    .port_info 0 /INPUT 1 "a";
    .port_info 1 /INPUT 1 "b";
    .port_info 2 /OUTPUT 1 "s";
    .port_info 3 /OUTPUT 1 "cout";
L_0000023784402080 .functor AND 1, L_0000023784402010, L_00000237844658b0, C4<1>, C4<1>;
L_0000023784402550 .functor XOR 1, L_0000023784402010, L_00000237844658b0, C4<0>, C4<0>;
v0000023784456600_0 .net "a", 0 0, L_0000023784402010;  alias, 1 drivers
v0000023784456740_0 .net "b", 0 0, L_00000237844658b0;  alias, 1 drivers
v0000023784456880_0 .net "cout", 0 0, L_0000023784402080;  alias, 1 drivers
v00000237844553e0_0 .net "s", 0 0, L_0000023784402550;  alias, 1 drivers
S_00000237843cd7e0 .scope module, "f2" "FA" 3 137, 3 152 0, S_00000237843c5bf0;
 .timescale 0 0;
    .port_info 0 /INPUT 1 "a";
    .port_info 1 /INPUT 1 "b";
    .port_info 2 /INPUT 1 "cin";
    .port_info 3 /OUTPUT 1 "s";
    .port_info 4 /OUTPUT 1 "cout";
L_00000237844026a0 .functor OR 1, L_0000023784402390, L_00000237844025c0, C4<0>, C4<0>;
v0000023784454ee0_0 .net "a", 0 0, L_0000023784464730;  1 drivers
v0000023784454f80_0 .net "b", 0 0, L_0000023784465450;  1 drivers
v00000237844550c0_0 .net "c0", 0 0, L_0000023784402390;  1 drivers
v0000023784455700_0 .net "c1", 0 0, L_00000237844025c0;  1 drivers
v00000237844557a0_0 .net "cin", 0 0, L_0000023784464b90;  1 drivers
v0000023784455840_0 .net "cout", 0 0, L_00000237844026a0;  1 drivers
v0000023784458f40_0 .net "s", 0 0, L_0000023784402630;  1 drivers
v0000023784459260_0 .net "s0", 0 0, L_0000023784401bb0;  1 drivers
S_00000237843cd970 .scope module, "u0" "HA" 3 156, 3 161 0, S_00000237843cd7e0;
 .timescale 0 0;
    .port_info 0 /INPUT 1 "a";
    .port_info 1 /INPUT 1 "b";
    .port_info 2 /OUTPUT 1 "s";
    .port_info 3 /OUTPUT 1 "cout";
L_0000023784402390 .functor AND 1, L_0000023784464730, L_0000023784465450, C4<1>, C4<1>;
L_0000023784401bb0 .functor XOR 1, L_0000023784464730, L_0000023784465450, C4<0>, C4<0>;
v0000023784455520_0 .net "a", 0 0, L_0000023784464730;  alias, 1 drivers
v00000237844555c0_0 .net "b", 0 0, L_0000023784465450;  alias, 1 drivers
v0000023784454b20_0 .net "cout", 0 0, L_0000023784402390;  alias, 1 drivers
v00000237844569c0_0 .net "s", 0 0, L_0000023784401bb0;  alias, 1 drivers
S_00000237843668f0 .scope module, "u1" "HA" 3 157, 3 161 0, S_00000237843cd7e0;
 .timescale 0 0;
    .port_info 0 /INPUT 1 "a";
    .port_info 1 /INPUT 1 "b";
    .port_info 2 /OUTPUT 1 "s";
    .port_info 3 /OUTPUT 1 "cout";
L_00000237844025c0 .functor AND 1, L_0000023784401bb0, L_0000023784464b90, C4<1>, C4<1>;
L_0000023784402630 .functor XOR 1, L_0000023784401bb0, L_0000023784464b90, C4<0>, C4<0>;
v0000023784455340_0 .net "a", 0 0, L_0000023784401bb0;  alias, 1 drivers
v0000023784454bc0_0 .net "b", 0 0, L_0000023784464b90;  alias, 1 drivers
v0000023784454d00_0 .net "cout", 0 0, L_00000237844025c0;  alias, 1 drivers
v0000023784454c60_0 .net "s", 0 0, L_0000023784402630;  alias, 1 drivers
S_0000023784366a80 .scope module, "f3" "FA" 3 138, 3 152 0, S_00000237843c5bf0;
 .timescale 0 0;
    .port_info 0 /INPUT 1 "a";
    .port_info 1 /INPUT 1 "b";
    .port_info 2 /INPUT 1 "cin";
    .port_info 3 /OUTPUT 1 "s";
    .port_info 4 /OUTPUT 1 "cout";
L_0000023784401c90 .functor OR 1, L_0000023784401e50, L_0000023784402710, C4<0>, C4<0>;
v00000237844598a0_0 .net "a", 0 0, L_00000237844654f0;  1 drivers
v0000023784457f00_0 .net "b", 0 0, L_0000023784465d10;  1 drivers
v0000023784458540_0 .net "c0", 0 0, L_0000023784401e50;  1 drivers
v0000023784459120_0 .net "c1", 0 0, L_0000023784402710;  1 drivers
v00000237844585e0_0 .net "cin", 0 0, L_00000237844649b0;  1 drivers
v00000237844584a0_0 .net "cout", 0 0, L_0000023784401c90;  1 drivers
v0000023784459300_0 .net "s", 0 0, L_0000023784401a60;  1 drivers
v00000237844593a0_0 .net "s0", 0 0, L_00000237844024e0;  1 drivers
S_00000237844043b0 .scope module, "u0" "HA" 3 156, 3 161 0, S_0000023784366a80;
 .timescale 0 0;
    .port_info 0 /INPUT 1 "a";
    .port_info 1 /INPUT 1 "b";
    .port_info 2 /OUTPUT 1 "s";
    .port_info 3 /OUTPUT 1 "cout";
L_0000023784401e50 .functor AND 1, L_00000237844654f0, L_0000023784465d10, C4<1>, C4<1>;
L_00000237844024e0 .functor XOR 1, L_00000237844654f0, L_0000023784465d10, C4<0>, C4<0>;
v0000023784457e60_0 .net "a", 0 0, L_00000237844654f0;  alias, 1 drivers
v0000023784458ae0_0 .net "b", 0 0, L_0000023784465d10;  alias, 1 drivers
v0000023784457dc0_0 .net "cout", 0 0, L_0000023784401e50;  alias, 1 drivers
v0000023784459440_0 .net "s", 0 0, L_00000237844024e0;  alias, 1 drivers
S_000002378445a7d0 .scope module, "u1" "HA" 3 157, 3 161 0, S_0000023784366a80;
 .timescale 0 0;
    .port_info 0 /INPUT 1 "a";
    .port_info 1 /INPUT 1 "b";
    .port_info 2 /OUTPUT 1 "s";
    .port_info 3 /OUTPUT 1 "cout";
L_0000023784402710 .functor AND 1, L_00000237844024e0, L_00000237844649b0, C4<1>, C4<1>;
L_0000023784401a60 .functor XOR 1, L_00000237844024e0, L_00000237844649b0, C4<0>, C4<0>;
v0000023784458fe0_0 .net "a", 0 0, L_00000237844024e0;  alias, 1 drivers
v00000237844582c0_0 .net "b", 0 0, L_00000237844649b0;  alias, 1 drivers
v0000023784458040_0 .net "cout", 0 0, L_0000023784402710;  alias, 1 drivers
v0000023784459800_0 .net "s", 0 0, L_0000023784401a60;  alias, 1 drivers
S_000002378445a190 .scope module, "f4" "FA" 3 139, 3 152 0, S_00000237843c5bf0;
 .timescale 0 0;
    .port_info 0 /INPUT 1 "a";
    .port_info 1 /INPUT 1 "b";
    .port_info 2 /INPUT 1 "cin";
    .port_info 3 /OUTPUT 1 "s";
    .port_info 4 /OUTPUT 1 "cout";
L_00000237843f5100 .functor OR 1, L_0000023784402160, L_0000023784402400, C4<0>, C4<0>;
v00000237844594e0_0 .net "a", 0 0, L_0000023784465a90;  1 drivers
v0000023784459580_0 .net "b", 0 0, L_0000023784465b30;  1 drivers
v0000023784458cc0_0 .net "c0", 0 0, L_0000023784402160;  1 drivers
v0000023784458180_0 .net "c1", 0 0, L_0000023784402400;  1 drivers
v0000023784457b40_0 .net "cin", 0 0, L_0000023784464870;  1 drivers
v0000023784458220_0 .net "cout", 0 0, L_00000237843f5100;  1 drivers
v0000023784458360_0 .net "s", 0 0, L_0000023784401de0;  1 drivers
v0000023784458e00_0 .net "s0", 0 0, L_0000023784401ad0;  1 drivers
S_000002378445a960 .scope module, "u0" "HA" 3 156, 3 161 0, S_000002378445a190;
 .timescale 0 0;
    .port_info 0 /INPUT 1 "a";
    .port_info 1 /INPUT 1 "b";
    .port_info 2 /OUTPUT 1 "s";
    .port_info 3 /OUTPUT 1 "cout";
L_0000023784402160 .functor AND 1, L_0000023784465a90, L_0000023784465b30, C4<1>, C4<1>;
L_0000023784401ad0 .functor XOR 1, L_0000023784465a90, L_0000023784465b30, C4<0>, C4<0>;
v0000023784458c20_0 .net "a", 0 0, L_0000023784465a90;  alias, 1 drivers
v00000237844599e0_0 .net "b", 0 0, L_0000023784465b30;  alias, 1 drivers
v00000237844580e0_0 .net "cout", 0 0, L_0000023784402160;  alias, 1 drivers
v0000023784459760_0 .net "s", 0 0, L_0000023784401ad0;  alias, 1 drivers
S_000002378445a320 .scope module, "u1" "HA" 3 157, 3 161 0, S_000002378445a190;
 .timescale 0 0;
    .port_info 0 /INPUT 1 "a";
    .port_info 1 /INPUT 1 "b";
    .port_info 2 /OUTPUT 1 "s";
    .port_info 3 /OUTPUT 1 "cout";
L_0000023784402400 .functor AND 1, L_0000023784401ad0, L_0000023784464870, C4<1>, C4<1>;
L_0000023784401de0 .functor XOR 1, L_0000023784401ad0, L_0000023784464870, C4<0>, C4<0>;
v0000023784458680_0 .net "a", 0 0, L_0000023784401ad0;  alias, 1 drivers
v0000023784459620_0 .net "b", 0 0, L_0000023784464870;  alias, 1 drivers
v0000023784458a40_0 .net "cout", 0 0, L_0000023784402400;  alias, 1 drivers
v0000023784458720_0 .net "s", 0 0, L_0000023784401de0;  alias, 1 drivers
S_000002378445a000 .scope module, "f5" "FA" 3 140, 3 152 0, S_00000237843c5bf0;
 .timescale 0 0;
    .port_info 0 /INPUT 1 "a";
    .port_info 1 /INPUT 1 "b";
    .port_info 2 /INPUT 1 "cin";
    .port_info 3 /OUTPUT 1 "s";
    .port_info 4 /OUTPUT 1 "cout";
L_0000023784466d50 .functor OR 1, L_00000237843f4a70, L_00000237843f5170, C4<0>, C4<0>;
v0000023784457c80_0 .net "a", 0 0, L_0000023784464690;  1 drivers
v00000237844587c0_0 .net "b", 0 0, L_00000237844645f0;  1 drivers
v0000023784458860_0 .net "c0", 0 0, L_00000237843f4a70;  1 drivers
v0000023784458900_0 .net "c1", 0 0, L_00000237843f5170;  1 drivers
v00000237844589a0_0 .net "cin", 0 0, L_0000023784464d70;  1 drivers
v0000023784458b80_0 .net "cout", 0 0, L_0000023784466d50;  1 drivers
v0000023784458ea0_0 .net "s", 0 0, L_0000023784402780;  1 drivers
v00000237844591c0_0 .net "s0", 0 0, L_00000237843f4ed0;  1 drivers
S_0000023784459b50 .scope module, "u0" "HA" 3 156, 3 161 0, S_000002378445a000;
 .timescale 0 0;
    .port_info 0 /INPUT 1 "a";
    .port_info 1 /INPUT 1 "b";
    .port_info 2 /OUTPUT 1 "s";
    .port_info 3 /OUTPUT 1 "cout";
L_00000237843f4a70 .functor AND 1, L_0000023784464690, L_00000237844645f0, C4<1>, C4<1>;
L_00000237843f4ed0 .functor XOR 1, L_0000023784464690, L_00000237844645f0, C4<0>, C4<0>;
v00000237844596c0_0 .net "a", 0 0, L_0000023784464690;  alias, 1 drivers
v0000023784457fa0_0 .net "b", 0 0, L_00000237844645f0;  alias, 1 drivers
v0000023784458d60_0 .net "cout", 0 0, L_00000237843f4a70;  alias, 1 drivers
v0000023784459940_0 .net "s", 0 0, L_00000237843f4ed0;  alias, 1 drivers
S_0000023784459ce0 .scope module, "u1" "HA" 3 157, 3 161 0, S_000002378445a000;
 .timescale 0 0;
    .port_info 0 /INPUT 1 "a";
    .port_info 1 /INPUT 1 "b";
    .port_info 2 /OUTPUT 1 "s";
    .port_info 3 /OUTPUT 1 "cout";
L_00000237843f5170 .functor AND 1, L_00000237843f4ed0, L_0000023784464d70, C4<1>, C4<1>;
L_0000023784402780 .functor XOR 1, L_00000237843f4ed0, L_0000023784464d70, C4<0>, C4<0>;
v0000023784458400_0 .net "a", 0 0, L_00000237843f4ed0;  alias, 1 drivers
v0000023784457be0_0 .net "b", 0 0, L_0000023784464d70;  alias, 1 drivers
v0000023784457d20_0 .net "cout", 0 0, L_00000237843f5170;  alias, 1 drivers
v0000023784459080_0 .net "s", 0 0, L_0000023784402780;  alias, 1 drivers
S_0000023784459e70 .scope module, "f6" "FA" 3 141, 3 152 0, S_00000237843c5bf0;
 .timescale 0 0;
    .port_info 0 /INPUT 1 "a";
    .port_info 1 /INPUT 1 "b";
    .port_info 2 /INPUT 1 "cin";
    .port_info 3 /OUTPUT 1 "s";
    .port_info 4 /OUTPUT 1 "cout";
L_0000023784466500 .functor OR 1, L_00000237844666c0, L_0000023784466420, C4<0>, C4<0>;
v000002378445c140_0 .net "a", 0 0, L_0000023784464eb0;  1 drivers
v000002378445b9c0_0 .net "b", 0 0, L_0000023784465590;  1 drivers
v000002378445b920_0 .net "c0", 0 0, L_00000237844666c0;  1 drivers
v000002378445c3c0_0 .net "c1", 0 0, L_0000023784466420;  1 drivers
v000002378445ba60_0 .net "cin", 0 0, L_0000023784464230;  1 drivers
v000002378445ad40_0 .net "cout", 0 0, L_0000023784466500;  1 drivers
v000002378445bd80_0 .net "s", 0 0, L_0000023784465fc0;  1 drivers
v000002378445c1e0_0 .net "s0", 0 0, L_0000023784466490;  1 drivers
S_000002378445a4b0 .scope module, "u0" "HA" 3 156, 3 161 0, S_0000023784459e70;
 .timescale 0 0;
    .port_info 0 /INPUT 1 "a";
    .port_info 1 /INPUT 1 "b";
    .port_info 2 /OUTPUT 1 "s";
    .port_info 3 /OUTPUT 1 "cout";
L_00000237844666c0 .functor AND 1, L_0000023784464eb0, L_0000023784465590, C4<1>, C4<1>;
L_0000023784466490 .functor XOR 1, L_0000023784464eb0, L_0000023784465590, C4<0>, C4<0>;
v000002378445b6a0_0 .net "a", 0 0, L_0000023784464eb0;  alias, 1 drivers
v000002378445c780_0 .net "b", 0 0, L_0000023784465590;  alias, 1 drivers
v000002378445be20_0 .net "cout", 0 0, L_00000237844666c0;  alias, 1 drivers
v000002378445ade0_0 .net "s", 0 0, L_0000023784466490;  alias, 1 drivers
S_000002378445a640 .scope module, "u1" "HA" 3 157, 3 161 0, S_0000023784459e70;
 .timescale 0 0;
    .port_info 0 /INPUT 1 "a";
    .port_info 1 /INPUT 1 "b";
    .port_info 2 /OUTPUT 1 "s";
    .port_info 3 /OUTPUT 1 "cout";
L_0000023784466420 .functor AND 1, L_0000023784466490, L_0000023784464230, C4<1>, C4<1>;
L_0000023784465fc0 .functor XOR 1, L_0000023784466490, L_0000023784464230, C4<0>, C4<0>;
v000002378445c0a0_0 .net "a", 0 0, L_0000023784466490;  alias, 1 drivers
v000002378445c280_0 .net "b", 0 0, L_0000023784464230;  alias, 1 drivers
v000002378445bce0_0 .net "cout", 0 0, L_0000023784466420;  alias, 1 drivers
v000002378445c960_0 .net "s", 0 0, L_0000023784465fc0;  alias, 1 drivers
S_000002378445cb70 .scope module, "f7" "FA" 3 142, 3 152 0, S_00000237843c5bf0;
 .timescale 0 0;
    .port_info 0 /INPUT 1 "a";
    .port_info 1 /INPUT 1 "b";
    .port_info 2 /INPUT 1 "cin";
    .port_info 3 /OUTPUT 1 "s";
    .port_info 4 /OUTPUT 1 "cout";
L_0000023784466e30 .functor OR 1, L_00000237844669d0, L_0000023784466570, C4<0>, C4<0>;
v000002378445b060_0 .net "a", 0 0, L_0000023784464a50;  1 drivers
v000002378445afc0_0 .net "b", 0 0, L_0000023784464e10;  1 drivers
v000002378445b1a0_0 .net "c0", 0 0, L_00000237844669d0;  1 drivers
v000002378445bec0_0 .net "c1", 0 0, L_0000023784466570;  1 drivers
v000002378445c460_0 .net "cin", 0 0, L_0000023784464af0;  1 drivers
v000002378445b240_0 .net "cout", 0 0, L_0000023784466e30;  alias, 1 drivers
v000002378445bb00_0 .net "s", 0 0, L_0000023784466dc0;  1 drivers
v000002378445bba0_0 .net "s0", 0 0, L_0000023784466b20;  1 drivers
S_000002378445d020 .scope module, "u0" "HA" 3 156, 3 161 0, S_000002378445cb70;
 .timescale 0 0;
    .port_info 0 /INPUT 1 "a";
    .port_info 1 /INPUT 1 "b";
    .port_info 2 /OUTPUT 1 "s";
    .port_info 3 /OUTPUT 1 "cout";
L_00000237844669d0 .functor AND 1, L_0000023784464a50, L_0000023784464e10, C4<1>, C4<1>;
L_0000023784466b20 .functor XOR 1, L_0000023784464a50, L_0000023784464e10, C4<0>, C4<0>;
v000002378445c820_0 .net "a", 0 0, L_0000023784464a50;  alias, 1 drivers
v000002378445b7e0_0 .net "b", 0 0, L_0000023784464e10;  alias, 1 drivers
v000002378445af20_0 .net "cout", 0 0, L_00000237844669d0;  alias, 1 drivers
v000002378445ae80_0 .net "s", 0 0, L_0000023784466b20;  alias, 1 drivers
S_000002378445e600 .scope module, "u1" "HA" 3 157, 3 161 0, S_000002378445cb70;
 .timescale 0 0;
    .port_info 0 /INPUT 1 "a";
    .port_info 1 /INPUT 1 "b";
    .port_info 2 /OUTPUT 1 "s";
    .port_info 3 /OUTPUT 1 "cout";
L_0000023784466570 .functor AND 1, L_0000023784466b20, L_0000023784464af0, C4<1>, C4<1>;
L_0000023784466dc0 .functor XOR 1, L_0000023784466b20, L_0000023784464af0, C4<0>, C4<0>;
v000002378445b600_0 .net "a", 0 0, L_0000023784466b20;  alias, 1 drivers
v000002378445c320_0 .net "b", 0 0, L_0000023784464af0;  alias, 1 drivers
v000002378445ac00_0 .net "cout", 0 0, L_0000023784466570;  alias, 1 drivers
v000002378445b100_0 .net "s", 0 0, L_0000023784466dc0;  alias, 1 drivers
    .scope S_00000237843fe160;
T_0 ;
    %wait E_00000237843ebe60;
    %load/vec4 v00000237843f3c00_0;
    %load/vec4 v00000237843f0ed0_0;
    %pad/u 8;
    %ix/vec4 3;
    %ix/load 4, 0, 0; Constant delay
    %assign/vec4/a/d v00000237843f29e0, 0, 4;
    %load/vec4 v00000237843f0ed0_0;
    %pad/u 8;
    %ix/vec4 4;
    %load/vec4a v00000237843f29e0, 4;
    %assign/vec4 v00000237843f3020_0, 0;
    %jmp T_0;
    .thread T_0;
    .scope S_00000237843c5a60;
T_1 ;
    %wait E_00000237843ec2e0;
    %load/vec4 v0000023784455020_0;
    %flag_set/vec4 8;
    %jmp/0xz  T_1.0, 8;
    %pushi/vec4 0, 0, 8;
    %assign/vec4 v00000237843f2ee0_0, 0;
    %pushi/vec4 0, 0, 8;
    %assign/vec4 v00000237843f3520_0, 0;
    %jmp T_1.1;
T_1.0 ;
    %load/vec4 v0000023784455fc0_0;
    %cmpi/e 0, 0, 6;
    %jmp/0xz  T_1.2, 4;
    %load/vec4 v00000237844564c0_0;
    %assign/vec4 v00000237843f2ee0_0, 0;
    %load/vec4 v00000237844564c0_0;
    %assign/vec4 v00000237843f3520_0, 0;
    %jmp T_1.3;
T_1.2 ;
    %load/vec4 v00000237843f2ee0_0;
    %load/vec4 v00000237844564c0_0;
    %cmp/u;
    %jmp/0xz  T_1.4, 5;
    %load/vec4 v00000237844564c0_0;
    %assign/vec4 v00000237843f2ee0_0, 0;
T_1.4 ;
    %load/vec4 v00000237844564c0_0;
    %load/vec4 v00000237843f3520_0;
    %cmp/u;
    %jmp/0xz  T_1.6, 5;
    %load/vec4 v00000237844564c0_0;
    %assign/vec4 v00000237843f3520_0, 0;
T_1.6 ;
T_1.3 ;
T_1.1 ;
    %jmp T_1;
    .thread T_1;
    .scope S_00000237843c5bf0;
T_2 ;
    %wait E_00000237843ec2e0;
    %load/vec4 v000002378445b4c0_0;
    %flag_set/vec4 8;
    %jmp/0xz  T_2.0, 8;
    %pushi/vec4 0, 0, 8;
    %assign/vec4 v000002378445c000_0, 0;
    %jmp T_2.1;
T_2.0 ;
    %load/vec4 v000002378445bf60_0;
    %flag_set/vec4 8;
    %jmp/0 T_2.2, 8;
    %load/vec4 v000002378445c500_0;
    %load/vec4 v000002378445aca0_0;
    %parti/s 7, 1, 2;
    %concat/vec4; draw_concat_vec4
    %jmp/1 T_2.3, 8;
T_2.2 ; End of true expr.
    %load/vec4 v000002378445c000_0;
    %jmp/0 T_2.3, 8;
 ; End of false expr.
    %blend;
T_2.3;
    %assign/vec4 v000002378445c000_0, 0;
T_2.1 ;
    %jmp T_2;
    .thread T_2;
    .scope S_00000237843fdfd0;
T_3 ;
    %wait E_00000237843ec2e0;
    %load/vec4 v0000023784461930_0;
    %flag_set/vec4 8;
    %jmp/0xz  T_3.0, 8;
    %pushi/vec4 0, 0, 6;
    %assign/vec4 v000002378445c640_0, 0;
    %pushi/vec4 0, 0, 1;
    %assign/vec4 v00000237844605d0_0, 0;
    %pushi/vec4 0, 0, 1;
    %assign/vec4 v0000023784460490_0, 0;
    %pushi/vec4 0, 0, 7;
    %assign/vec4 v00000237844616b0_0, 0;
    %pushi/vec4 0, 0, 8;
    %assign/vec4 v0000023784460030_0, 0;
    %pushi/vec4 0, 0, 1;
    %assign/vec4 v0000023784460a30_0, 0;
    %jmp T_3.1;
T_3.0 ;
    %load/vec4 v000002378445b880_0;
    %assign/vec4 v000002378445c640_0, 0;
    %load/vec4 v0000023784460990_0;
    %assign/vec4 v00000237844605d0_0, 0;
    %load/vec4 v000002378445ff90_0;
    %assign/vec4 v0000023784460490_0, 0;
    %load/vec4 v0000023784461390_0;
    %assign/vec4 v00000237844616b0_0, 0;
    %load/vec4 v0000023784461d90_0;
    %assign/vec4 v0000023784460030_0, 0;
    %load/vec4 v000002378445ab60_0;
    %assign/vec4 v0000023784460a30_0, 0;
T_3.1 ;
    %jmp T_3;
    .thread T_3;
    .scope S_00000237843ab180;
T_4 ;
    %pushi/vec4 0, 0, 1;
    %store/vec4 v00000237844607b0_0, 0, 1;
    %end;
    .thread T_4;
    .scope S_00000237843ab180;
T_5 ;
    %delay 5000, 0;
    %load/vec4 v00000237844607b0_0;
    %inv;
    %store/vec4 v00000237844607b0_0, 0, 1;
    %jmp T_5;
    .thread T_5;
    .scope S_00000237843ab180;
T_6 ;
    %vpi_call 2 63 "$dumpfile", "dump.vcd" {0 0 0};
    %vpi_call 2 64 "$dumpvars", 32'sb00000000000000000000000000000000, S_00000237843ab180 {0 0 0};
    %vpi_call 2 67 "$display", "========================================" {0 0 0};
    %vpi_call 2 68 "$display", "ATE Module Testbench" {0 0 0};
    %vpi_call 2 69 "$display", "\351\226\213\345\247\213\346\231\202\351\226\223\357\274\232%0t ns", $time {0 0 0};
    %vpi_call 2 70 "$display", "========================================" {0 0 0};
    %vpi_call 2 73 "$readmemh", "tb1.map", v0000023784461070 {0 0 0};
    %vpi_call 2 74 "$display", "\345\267\262\350\274\211\345\205\245\346\270\254\350\251\246\350\263\207\346\226\231\357\274\232tb1.map (4096 \347\255\206)" {0 0 0};
    %pushi/vec4 1, 0, 1;
    %store/vec4 v0000023784461570_0, 0, 1;
    %pushi/vec4 0, 0, 8;
    %store/vec4 v0000023784460170_0, 0, 8;
    %pushi/vec4 0, 0, 1;
    %store/vec4 v00000237844619d0_0, 0, 1;
    %delay 20000, 0;
    %pushi/vec4 0, 0, 1;
    %store/vec4 v0000023784461570_0, 0, 1;
    %vpi_call 2 84 "$display", "\351\207\215\347\275\256\345\256\214\346\210\220\357\274\214\351\226\213\345\247\213\351\244\265\345\205\245\346\270\254\350\251\246\350\263\207\346\226\231 (%0t ns)", $time {0 0 0};
    %wait E_00000237843ebe60;
    %pushi/vec4 0, 0, 32;
    %store/vec4 v0000023784460850_0, 0, 32;
T_6.0 ;
    %load/vec4 v0000023784460850_0;
    %cmpi/s 4096, 0, 32;
    %jmp/0xz T_6.1, 5;
    %wait E_00000237843ebe60;
    %ix/getv/s 4, v0000023784460850_0;
    %load/vec4a v0000023784461070, 4;
    %store/vec4 v0000023784460170_0, 0, 8;
    %load/vec4 v0000023784460850_0;
    %pushi/vec4 512, 0, 32;
    %mod/s;
    %cmpi/e 0, 0, 32;
    %jmp/0xz  T_6.2, 4;
    %vpi_call 2 96 "$display", "\351\200\262\345\272\246\357\274\232%0d / 4096 \347\255\206\350\263\207\346\226\231\345\267\262\351\200\201\345\207\272 (%0t ns)", v0000023784460850_0, $time {0 0 0};
T_6.2 ;
    %load/vec4 v0000023784460850_0;
    %addi 1, 0, 32;
    %store/vec4 v0000023784460850_0, 0, 32;
    %jmp T_6.0;
T_6.1 ;
    %vpi_call 2 101 "$display", "========================================" {0 0 0};
    %vpi_call 2 102 "$display", "\346\270\254\350\251\246\350\263\207\346\226\231\351\200\201\345\207\272\345\256\214\346\210\220\357\274\2324096 \347\255\206" {0 0 0};
    %vpi_call 2 103 "$display", "\345\256\214\346\210\220\346\231\202\351\226\223\357\274\232%0t ns", $time {0 0 0};
    %vpi_call 2 104 "$display", "========================================" {0 0 0};
    %delay 100000, 0;
    %vpi_call 2 110 "$display", "\346\250\241\346\223\254\347\265\220\346\235\237" {0 0 0};
    %vpi_call 2 111 "$finish" {0 0 0};
    %end;
    .thread T_6;
    .scope S_00000237843ab180;
T_7 ;
    %vpi_call 2 120 "$monitor", "\346\231\202\351\226\223=%0t | pix_data=%h | bin=%b | threshold=%h", $time, v0000023784460170_0, v0000023784460f30_0, v00000237844617f0_0 {0 0 0};
    %end;
    .thread T_7;
# The file index is used to find the file name in the following table.
:file_names 4;
    "N/A";
    "<interactive>";
    "C:\Users\User\Desktop\HybridNode\simulation/../examples/sample_tb.v";
    "C:\Users\User\Desktop\HybridNode\simulation/../examples/sample.v";
